<?xml version="1.0" encoding="UTF-8"?>
<!-- Generated by org.testng.reporters.JUnitReportReporter -->
<testsuite hostname="100RPG3" failures="0" tests="1" name="demo.Appium.MiscllaneousActions" time="11.784" errors="0" timestamp="23 Feb 2023 08:53:43 GMT" skipped="0">
  <testcase classname="demo.Appium.MiscllaneousActions" name="MiscllaneousActionsTest" time="11.784"/>
</testsuite> <!-- demo.Appium.MiscllaneousActions -->
