<?xml version="1.0" encoding="UTF-8"?>
<!-- Generated by org.testng.reporters.JUnitReportReporter -->
<testsuite hostname="100RPG3" failures="0" tests="1" name="demo.Appium.MobileBrowserTest" time="1.907" errors="0" timestamp="28 Feb 2023 17:25:37 GMT" skipped="0">
  <testcase classname="demo.Appium.MobileBrowserTest" name="bowserTest" time="1.907"/>
</testsuite> <!-- demo.Appium.MobileBrowserTest -->
