<?xml version="1.0" encoding="UTF-8"?>
<!-- Generated by org.testng.reporters.JUnitReportReporter -->
<testsuite hostname="100RPG3" failures="0" tests="1" name="demo.Appium.LongPress" time="7.404" errors="0" timestamp="22 Feb 2023 10:05:10 GMT" skipped="0">
  <testcase classname="demo.Appium.LongPress" name="LongPressGesture" time="7.404"/>
</testsuite> <!-- demo.Appium.LongPress -->
