<?xml version="1.0" encoding="UTF-8"?>
<!-- Generated by org.testng.reporters.JUnitReportReporter -->
<testsuite hostname="100RPG3" failures="0" tests="1" name="demo.Appium.SwipeGesture" time="5.410" errors="0" timestamp="22 Feb 2023 14:51:06 GMT" skipped="0">
  <testcase classname="demo.Appium.SwipeGesture" name="SwipeGestureTest" time="5.410"/>
</testsuite> <!-- demo.Appium.SwipeGesture -->
