<?xml version="1.0" encoding="UTF-8"?>
<!-- Generated by org.testng.reporters.JUnitReportReporter -->
<testsuite hostname="100RPG3" failures="0" tests="1" name="demo.Appium.AppiumBasics" time="6.129" errors="0" timestamp="22 Feb 2023 04:44:09 GMT" skipped="0">
  <testcase classname="demo.Appium.AppiumBasics" name="AppiumTest" time="6.129"/>
</testsuite> <!-- demo.Appium.AppiumBasics -->
