<?xml version="1.0" encoding="UTF-8"?>
<!-- Generated by org.testng.reporters.JUnitReportReporter -->
<testsuite hostname="100RPG3" failures="0" tests="1" name="demo.Appium.ScrollGesture" time="12.262" errors="0" timestamp="22 Feb 2023 13:36:19 GMT" skipped="0">
  <testcase classname="demo.Appium.ScrollGesture" name="ScrollGestureTest" time="12.262"/>
</testsuite> <!-- demo.Appium.ScrollGesture -->
