<?xml version="1.0" encoding="UTF-8"?>
<!-- Generated by org.testng.reporters.JUnitReportReporter -->
<testsuite hostname="100RPG3" failures="0" tests="1" name="demo.Appium.DragDropGesture" time="5.727" errors="0" timestamp="23 Feb 2023 06:47:28 GMT" skipped="0">
  <testcase classname="demo.Appium.DragDropGesture" name="DragDropGestureTest" time="5.727"/>
</testsuite> <!-- demo.Appium.DragDropGesture -->
